<?xml version="1.0" encoding="UTF-8"?>
<testng-results ignored="0" total="1" passed="1" failed="0" skipped="0">
  <reporter-output>
  </reporter-output>
  <suite started-at="2018-08-20T20:05:02Z" name="Default suite" finished-at="2018-08-20T20:05:04Z" duration-ms="2163">
    <groups>
    </groups>
    <test started-at="2018-08-20T20:05:02Z" name="Default test" finished-at="2018-08-20T20:05:04Z" duration-ms="2163">
      <class name="com.example.advanced.TestScreenShot">
        <test-method signature="screenShotTest()[pri:0, instance:com.example.advanced.TestScreenShot@1cb3ec38]" started-at="2018-08-20T20:05:03Z" name="screenShotTest" finished-at="2018-08-20T20:05:04Z" duration-ms="1602" status="PASS">
          <reporter-output>
          </reporter-output>
        </test-method> <!-- screenShotTest -->
      </class> <!-- com.example.advanced.TestScreenShot -->
    </test> <!-- Default test -->
  </suite> <!-- Default suite -->
</testng-results>
